15:00:56.338 [main] INFO  testcases.Tc_001_LogintoAdactin - Started execution for Tc_001_LogintoAdactin 
15:00:57.609 [main] INFO  testcases.Tc_001_LogintoAdactin - Entering the User_name
15:00:57.876 [main] INFO  testcases.Tc_001_LogintoAdactin - Enter the password
15:00:58.719 [main] INFO  testcases.Tc_001_LogintoAdactin - click on login
15:02:13.115 [main] INFO  testcases.Tc_001_LogintoAdactin - Started execution for Tc_001_LogintoAdactin 
15:02:13.342 [main] INFO  testcases.Tc_001_LogintoAdactin - Enter the User_name
15:02:13.446 [main] INFO  testcases.Tc_001_LogintoAdactin - Enter the password
15:02:13.943 [main] INFO  testcases.Tc_001_LogintoAdactin - click on login
16:01:42.017 [main] INFO  testcases.Tc_001_LogintoAdactin - Started execution for Tc_001_LogintoAdactin 
16:01:42.214 [main] INFO  testcases.Tc_001_LogintoAdactin - Enter the User_name
16:01:42.318 [main] INFO  testcases.Tc_001_LogintoAdactin - Enter the password
16:01:42.813 [main] INFO  testcases.Tc_001_LogintoAdactin - click on login
16:59:04.256 [TestNG-tests-1] INFO  testcases.Tc_001_LogintoAdactin - Started execution for Tc_001_LogintoAdactin 
16:59:05.896 [TestNG-tests-1] INFO  testcases.Tc_001_LogintoAdactin - Enter the User_name
16:59:06.005 [TestNG-tests-1] INFO  testcases.Tc_001_LogintoAdactin - Enter the password
16:59:06.865 [TestNG-tests-1] INFO  testcases.Tc_001_LogintoAdactin - click on login
16:59:19.182 [TestNG-tests-2] INFO  testcases.Tc_001_LogintoAdactin - Started execution for Tc_001_LogintoAdactin 
16:59:20.091 [TestNG-tests-2] INFO  testcases.Tc_001_LogintoAdactin - Enter the User_name
16:59:20.216 [TestNG-tests-2] INFO  testcases.Tc_001_LogintoAdactin - Enter the password
16:59:21.141 [TestNG-tests-2] INFO  testcases.Tc_001_LogintoAdactin - click on login
17:00:08.242 [TestNG-tests-1] INFO  testcases.Tc_001_LogintoAdactin - Started execution for Tc_001_LogintoAdactin 
17:00:10.279 [TestNG-tests-2] INFO  testcases.Tc_001_LogintoAdactin - Started execution for Tc_001_LogintoAdactin 
17:00:10.445 [TestNG-tests-1] INFO  testcases.Tc_001_LogintoAdactin - Enter the User_name
17:00:10.494 [TestNG-tests-2] INFO  testcases.Tc_001_LogintoAdactin - Enter the User_name
17:00:10.613 [TestNG-tests-1] INFO  testcases.Tc_001_LogintoAdactin - Enter the password
17:00:10.660 [TestNG-tests-2] INFO  testcases.Tc_001_LogintoAdactin - Enter the password
17:00:11.266 [TestNG-tests-1] INFO  testcases.Tc_001_LogintoAdactin - click on login
17:02:38.721 [TestNG-tests-1] INFO  testcases.Tc_001_LogintoAdactin - Started execution for Tc_001_LogintoAdactin 
17:02:42.819 [TestNG-tests-2] INFO  testcases.Tc_001_LogintoAdactin - Started execution for Tc_001_LogintoAdactin 
17:02:43.004 [TestNG-tests-1] INFO  testcases.Tc_001_LogintoAdactin - Enter the User_name
17:02:43.064 [TestNG-tests-2] INFO  testcases.Tc_001_LogintoAdactin - Enter the User_name
17:02:43.178 [TestNG-tests-1] INFO  testcases.Tc_001_LogintoAdactin - Enter the password
17:02:43.226 [TestNG-tests-2] INFO  testcases.Tc_001_LogintoAdactin - Enter the password
17:02:43.854 [TestNG-tests-1] INFO  testcases.Tc_001_LogintoAdactin - click on login
17:06:18.332 [TestNG-tests-1] INFO  testcases.Tc_001_LogintoAdactin - Started execution for Tc_001_LogintoAdactin 
17:06:22.092 [TestNG-tests-2] INFO  testcases.Tc_001_LogintoAdactin - Started execution for Tc_001_LogintoAdactin 
17:06:22.372 [TestNG-tests-1] INFO  testcases.Tc_001_LogintoAdactin - Enter the User_name
17:06:22.434 [TestNG-tests-2] INFO  testcases.Tc_001_LogintoAdactin - Enter the User_name
17:06:22.541 [TestNG-tests-1] INFO  testcases.Tc_001_LogintoAdactin - Enter the password
17:06:22.588 [TestNG-tests-2] INFO  testcases.Tc_001_LogintoAdactin - Enter the password
17:06:23.170 [TestNG-tests-1] INFO  testcases.Tc_001_LogintoAdactin - click on login
17:07:35.204 [TestNG-tests-2] INFO  testcases.Tc_001_LogintoAdactin - Started execution for Tc_001_LogintoAdactin 
17:07:35.383 [TestNG-tests-1] INFO  testcases.Tc_001_LogintoAdactin - Started execution for Tc_001_LogintoAdactin 
17:07:35.568 [TestNG-tests-2] INFO  testcases.Tc_001_LogintoAdactin - Enter the User_name
17:07:35.632 [TestNG-tests-1] INFO  testcases.Tc_001_LogintoAdactin - Enter the User_name
17:07:35.743 [TestNG-tests-2] INFO  testcases.Tc_001_LogintoAdactin - Enter the password
17:07:35.790 [TestNG-tests-1] INFO  testcases.Tc_001_LogintoAdactin - Enter the password
17:07:36.370 [TestNG-tests-2] INFO  testcases.Tc_001_LogintoAdactin - click on login
17:08:15.123 [TestNG-tests-1] INFO  testcases.Tc_001_LogintoAdactin - Started execution for Tc_001_LogintoAdactin 
17:08:16.915 [TestNG-tests-2] INFO  testcases.Tc_001_LogintoAdactin - Started execution for Tc_001_LogintoAdactin 
17:08:17.077 [TestNG-tests-1] INFO  testcases.Tc_001_LogintoAdactin - Enter the User_name
17:08:17.123 [TestNG-tests-2] INFO  testcases.Tc_001_LogintoAdactin - Enter the User_name
17:08:17.244 [TestNG-tests-1] INFO  testcases.Tc_001_LogintoAdactin - Enter the password
17:08:17.289 [TestNG-tests-2] INFO  testcases.Tc_001_LogintoAdactin - Enter the password
17:08:17.872 [TestNG-tests-1] INFO  testcases.Tc_001_LogintoAdactin - click on login
17:10:00.225 [TestNG-tests-1] INFO  testcases.Tc_001_LogintoAdactin - Started execution for Tc_001_LogintoAdactin 
17:10:05.841 [TestNG-tests-2] INFO  testcases.Tc_001_LogintoAdactin - Started execution for Tc_001_LogintoAdactin 
17:10:06.004 [TestNG-tests-1] INFO  testcases.Tc_001_LogintoAdactin - Enter the User_name
17:10:06.054 [TestNG-tests-2] INFO  testcases.Tc_001_LogintoAdactin - Enter the User_name
17:10:06.171 [TestNG-tests-1] INFO  testcases.Tc_001_LogintoAdactin - Enter the password
17:10:06.215 [TestNG-tests-2] INFO  testcases.Tc_001_LogintoAdactin - Enter the password
17:10:06.837 [TestNG-tests-1] INFO  testcases.Tc_001_LogintoAdactin - click on login
17:11:50.563 [TestNG-tests-1] INFO  testcases.Tc_001_LogintoAdactin - Started execution for Tc_001_LogintoAdactin 
17:11:56.644 [TestNG-tests-2] INFO  testcases.Tc_001_LogintoAdactin - Started execution for Tc_001_LogintoAdactin 
17:11:56.818 [TestNG-tests-1] INFO  testcases.Tc_001_LogintoAdactin - Enter the User_name
17:11:56.865 [TestNG-tests-2] INFO  testcases.Tc_001_LogintoAdactin - Enter the User_name
17:11:56.978 [TestNG-tests-1] INFO  testcases.Tc_001_LogintoAdactin - Enter the password
17:11:57.028 [TestNG-tests-2] INFO  testcases.Tc_001_LogintoAdactin - Enter the password
17:11:57.629 [TestNG-tests-1] INFO  testcases.Tc_001_LogintoAdactin - click on login
17:13:42.559 [TestNG-tests-1] INFO  testcases.Tc_001_LogintoAdactin - Started execution for Tc_001_LogintoAdactin 
17:13:43.650 [TestNG-tests-2] INFO  testcases.Tc_001_LogintoAdactin - Started execution for Tc_001_LogintoAdactin 
17:13:46.626 [TestNG-tests-1] INFO  testcases.Tc_001_LogintoAdactin - Enter the User_name
17:13:46.676 [TestNG-tests-2] INFO  testcases.Tc_001_LogintoAdactin - Enter the User_name
17:13:46.782 [TestNG-tests-1] INFO  testcases.Tc_001_LogintoAdactin - Enter the password
17:13:46.830 [TestNG-tests-2] INFO  testcases.Tc_001_LogintoAdactin - Enter the password
17:13:47.410 [TestNG-tests-1] INFO  testcases.Tc_001_LogintoAdactin - click on login
17:38:51.283 [main] INFO  testcases.Tc_001_LogintoAdactin - Started execution for Tc_001_LogintoAdactin 
17:38:51.519 [main] INFO  testcases.Tc_001_LogintoAdactin - Enter the User_name
17:38:51.637 [main] INFO  testcases.Tc_001_LogintoAdactin - Enter the password
17:38:52.248 [main] INFO  testcases.Tc_001_LogintoAdactin - click on login
17:39:48.083 [main] INFO  testcases.Tc_001_LogintoAdactin - Started execution for Tc_001_LogintoAdactin 
17:39:48.274 [main] INFO  testcases.Tc_001_LogintoAdactin - Enter the User_name
17:39:48.374 [main] INFO  testcases.Tc_001_LogintoAdactin - Enter the password
17:39:48.806 [main] INFO  testcases.Tc_001_LogintoAdactin - click on login
17:23:18.292 [TestNG-tests-1] INFO  testcases.Tc_001_LogintoAdactin - Started execution for Tc_001_LogintoAdactin 
17:23:18.508 [TestNG-tests-2] INFO  testcases.Tc_001_LogintoAdactin - Started execution for Tc_001_LogintoAdactin 
17:23:18.679 [TestNG-tests-1] INFO  testcases.Tc_001_LogintoAdactin - Enter the User_name
17:23:18.739 [TestNG-tests-2] INFO  testcases.Tc_001_LogintoAdactin - Enter the User_name
17:23:18.874 [TestNG-tests-1] INFO  testcases.Tc_001_LogintoAdactin - Enter the password
17:23:18.932 [TestNG-tests-2] INFO  testcases.Tc_001_LogintoAdactin - Enter the password
17:23:19.848 [TestNG-tests-1] INFO  testcases.Tc_001_LogintoAdactin - click on login
17:27:21.624 [TestNG-tests-1] INFO  testcases.Tc_001_LogintoAdactin - Started execution for Tc_001_LogintoAdactin 
17:27:22.824 [TestNG-tests-2] INFO  testcases.Tc_001_LogintoAdactin - Started execution for Tc_001_LogintoAdactin 
17:27:22.993 [TestNG-tests-1] INFO  testcases.Tc_001_LogintoAdactin - Enter the User_name
17:27:23.041 [TestNG-tests-2] INFO  testcases.Tc_001_LogintoAdactin - Enter the User_name
17:27:23.164 [TestNG-tests-1] INFO  testcases.Tc_001_LogintoAdactin - Enter the password
17:27:23.219 [TestNG-tests-2] INFO  testcases.Tc_001_LogintoAdactin - Enter the password
17:27:24.368 [TestNG-tests-1] INFO  testcases.Tc_001_LogintoAdactin - click on login
17:52:17.681 [TestNG-tests-1] INFO  testcases.Tc_001_LogintoAdactin - Started execution for Tc_001_LogintoAdactin 
17:52:22.777 [TestNG-tests-2] INFO  testcases.Tc_001_LogintoAdactin - Started execution for Tc_001_LogintoAdactin 
17:52:23.002 [TestNG-tests-1] INFO  testcases.Tc_001_LogintoAdactin - Enter the User_name
17:52:23.054 [TestNG-tests-2] INFO  testcases.Tc_001_LogintoAdactin - Enter the User_name
17:52:23.171 [TestNG-tests-1] INFO  testcases.Tc_001_LogintoAdactin - Enter the password
17:52:23.218 [TestNG-tests-2] INFO  testcases.Tc_001_LogintoAdactin - Enter the password
17:52:24.052 [TestNG-tests-1] INFO  testcases.Tc_001_LogintoAdactin - click on login
18:06:47.326 [TestNG-tests-1] INFO  testcases.Tc_001_LogintoAdactin - Started execution for Tc_001_LogintoAdactin 
18:06:53.765 [TestNG-tests-2] INFO  testcases.Tc_001_LogintoAdactin - Started execution for Tc_001_LogintoAdactin 
18:06:53.948 [TestNG-tests-1] INFO  testcases.Tc_001_LogintoAdactin - Enter the User_name
18:06:53.998 [TestNG-tests-2] INFO  testcases.Tc_001_LogintoAdactin - Enter the User_name
18:06:54.131 [TestNG-tests-1] INFO  testcases.Tc_001_LogintoAdactin - Enter the password
18:06:54.191 [TestNG-tests-2] INFO  testcases.Tc_001_LogintoAdactin - Enter the password
18:06:55.062 [TestNG-tests-1] INFO  testcases.Tc_001_LogintoAdactin - click on login
18:13:43.824 [TestNG-tests-1] INFO  testcases.Tc_001_LogintoAdactin - Started execution for Tc_001_LogintoAdactin 
18:13:49.864 [TestNG-tests-2] INFO  testcases.Tc_001_LogintoAdactin - Started execution for Tc_001_LogintoAdactin 
18:13:50.077 [TestNG-tests-1] INFO  testcases.Tc_001_LogintoAdactin - Enter the User_name
18:13:50.126 [TestNG-tests-2] INFO  testcases.Tc_001_LogintoAdactin - Enter the User_name
18:13:50.238 [TestNG-tests-1] INFO  testcases.Tc_001_LogintoAdactin - Enter the password
18:13:50.290 [TestNG-tests-2] INFO  testcases.Tc_001_LogintoAdactin - Enter the password
18:13:51.129 [TestNG-tests-1] INFO  testcases.Tc_001_LogintoAdactin - click on login
19:49:49.530 [TestNG-tests-1] INFO  testcases.Tc_001_LogintoAdactin - Started execution for Tc_001_LogintoAdactin 
19:49:51.401 [TestNG-tests-2] INFO  testcases.Tc_001_LogintoAdactin - Started execution for Tc_001_LogintoAdactin 
19:49:51.577 [TestNG-tests-1] INFO  testcases.Tc_001_LogintoAdactin - Enter the User_name
19:49:51.642 [TestNG-tests-2] INFO  testcases.Tc_001_LogintoAdactin - Enter the User_name
19:49:51.791 [TestNG-tests-1] INFO  testcases.Tc_001_LogintoAdactin - Enter the password
19:49:51.850 [TestNG-tests-2] INFO  testcases.Tc_001_LogintoAdactin - Enter the password
19:49:52.547 [TestNG-tests-1] INFO  testcases.Tc_001_LogintoAdactin - click on login
19:54:24.855 [TestNG-tests-1] INFO  testcases.Tc_001_LogintoAdactin - Started execution for Tc_001_LogintoAdactin 
19:54:27.852 [TestNG-tests-2] INFO  testcases.Tc_001_LogintoAdactin - Started execution for Tc_001_LogintoAdactin 
19:54:28.048 [TestNG-tests-1] INFO  testcases.Tc_001_LogintoAdactin - Enter the User_name
19:54:28.112 [TestNG-tests-2] INFO  testcases.Tc_001_LogintoAdactin - Enter the User_name
19:54:28.240 [TestNG-tests-1] INFO  testcases.Tc_001_LogintoAdactin - Enter the password
19:54:28.291 [TestNG-tests-2] INFO  testcases.Tc_001_LogintoAdactin - Enter the password
19:54:29.113 [TestNG-tests-1] INFO  testcases.Tc_001_LogintoAdactin - click on login
19:55:45.717 [TestNG-tests-1] INFO  testcases.Tc_001_LogintoAdactin - Started execution for Tc_001_LogintoAdactin 
19:55:47.779 [TestNG-tests-2] INFO  testcases.Tc_001_LogintoAdactin - Started execution for Tc_001_LogintoAdactin 
19:55:47.956 [TestNG-tests-1] INFO  testcases.Tc_001_LogintoAdactin - Enter the User_name
19:55:48.011 [TestNG-tests-2] INFO  testcases.Tc_001_LogintoAdactin - Enter the User_name
19:55:48.138 [TestNG-tests-1] INFO  testcases.Tc_001_LogintoAdactin - Enter the password
19:55:48.196 [TestNG-tests-2] INFO  testcases.Tc_001_LogintoAdactin - Enter the password
19:55:48.788 [TestNG-tests-1] INFO  testcases.Tc_001_LogintoAdactin - click on login
14:36:04.746 [TestNG-tests-2] INFO  testcases.Tc_001_LogintoAdactin - Started execution for Tc_001_LogintoAdactin 
14:36:10.392 [TestNG-tests-1] INFO  testcases.Tc_001_LogintoAdactin - Started execution for Tc_001_LogintoAdactin 
14:36:11.908 [TestNG-tests-2] INFO  testcases.Tc_001_LogintoAdactin - Enter the User_name
14:36:11.971 [TestNG-tests-1] INFO  testcases.Tc_001_LogintoAdactin - Enter the User_name
14:36:12.084 [TestNG-tests-2] INFO  testcases.Tc_001_LogintoAdactin - Enter the password
14:36:12.143 [TestNG-tests-1] INFO  testcases.Tc_001_LogintoAdactin - Enter the password
14:36:12.827 [TestNG-tests-2] INFO  testcases.Tc_001_LogintoAdactin - click on login
14:46:21.665 [TestNG-tests-1] INFO  testcases.Tc_001_LogintoAdactin - Started execution for Tc_001_LogintoAdactin 
14:46:25.404 [TestNG-tests-2] INFO  testcases.Tc_001_LogintoAdactin - Started execution for Tc_001_LogintoAdactin 
14:46:26.449 [TestNG-tests-1] INFO  testcases.Tc_001_LogintoAdactin - Enter the User_name
14:46:26.513 [TestNG-tests-2] INFO  testcases.Tc_001_LogintoAdactin - Enter the User_name
14:46:26.684 [TestNG-tests-1] INFO  testcases.Tc_001_LogintoAdactin - Enter the password
14:46:26.732 [TestNG-tests-2] INFO  testcases.Tc_001_LogintoAdactin - Enter the password
14:46:27.422 [TestNG-tests-1] INFO  testcases.Tc_001_LogintoAdactin - click on login
14:54:50.628 [TestNG-tests-1] INFO  testcases.Tc_001_LogintoAdactin - Started execution for Tc_001_LogintoAdactin 
14:54:53.882 [TestNG-tests-2] INFO  testcases.Tc_001_LogintoAdactin - Started execution for Tc_001_LogintoAdactin 
14:54:54.100 [TestNG-tests-1] INFO  testcases.Tc_001_LogintoAdactin - Enter the User_name
14:54:54.203 [TestNG-tests-2] INFO  testcases.Tc_001_LogintoAdactin - Enter the User_name
14:54:54.345 [TestNG-tests-1] INFO  testcases.Tc_001_LogintoAdactin - Enter the password
14:54:54.405 [TestNG-tests-2] INFO  testcases.Tc_001_LogintoAdactin - Enter the password
14:54:55.084 [TestNG-tests-1] INFO  testcases.Tc_001_LogintoAdactin - click on login
15:48:36.669 [TestNG-tests-1] INFO  testcases.Tc_001_LogintoAdactin - Started execution for Tc_001_LogintoAdactin 
15:48:37.038 [TestNG-tests-1] INFO  testcases.Tc_001_LogintoAdactin - Enter the User_name
15:48:37.196 [TestNG-tests-1] INFO  testcases.Tc_001_LogintoAdactin - Enter the password
15:48:37.820 [TestNG-tests-1] INFO  testcases.Tc_001_LogintoAdactin - click on login
15:48:39.605 [TestNG-tests-2] INFO  testcases.Tc_001_LogintoAdactin - Started execution for Tc_001_LogintoAdactin 
15:48:39.764 [TestNG-tests-2] INFO  testcases.Tc_001_LogintoAdactin - Enter the User_name
15:48:39.875 [TestNG-tests-2] INFO  testcases.Tc_001_LogintoAdactin - Enter the password
15:48:40.885 [TestNG-tests-2] INFO  testcases.Tc_001_LogintoAdactin - click on login
14:09:50.098 [main] INFO  testcases.Tc_001_LogintoAdactin - Started execution for Tc_001_LogintoAdactin 
14:09:50.412 [main] INFO  testcases.Tc_001_LogintoAdactin - Enter the User_name
14:09:50.513 [main] INFO  testcases.Tc_001_LogintoAdactin - Enter the password
14:09:51.109 [main] INFO  testcases.Tc_001_LogintoAdactin - click on login
15:23:28.976 [main] INFO  testcases.Tc_001_LogintoAdactin - Started execution for Tc_001_LogintoAdactin 
15:23:31.873 [main] INFO  testcases.Tc_001_LogintoAdactin - Enter the User_name
15:23:31.988 [main] INFO  testcases.Tc_001_LogintoAdactin - Enter the password
15:23:32.559 [main] INFO  testcases.Tc_001_LogintoAdactin - click on login
15:38:25.021 [main] INFO  testcases.Tc_001_LogintoAdactin - Started execution for Tc_001_LogintoAdactin 
15:38:25.278 [main] INFO  testcases.Tc_001_LogintoAdactin - Enter the User_name
15:38:25.408 [main] INFO  testcases.Tc_001_LogintoAdactin - Enter the password
15:38:25.867 [main] INFO  testcases.Tc_001_LogintoAdactin - click on login
15:43:41.551 [main] INFO  testcases.Tc_001_LogintoAdactin - Started execution for Tc_001_LogintoAdactin 
15:43:41.786 [main] INFO  testcases.Tc_001_LogintoAdactin - Enter the User_name
15:43:41.919 [main] INFO  testcases.Tc_001_LogintoAdactin - Enter the password
15:43:43.244 [main] INFO  testcases.Tc_001_LogintoAdactin - click on login
